<?xml version="1.0" encoding="UTF-8"?>
<!-- Generated by org.testng.reporters.JUnitReportReporter -->
<testsuite skipped="0" hostname="IBM944-PC0GHYEN" name="com.training.functional.tests.RTTC_051_Tests" tests="4" failures="0" timestamp="29 Jan 2019 04:38:09 GMT" time="60.080" errors="0">
  <testcase name="setUp" time="11.434" classname="com.training.functional.tests.RTTC_051_Tests"/>
  <testcase name="validLoginTest" time="10.781" classname="com.training.functional.tests.RTTC_051_Tests"/>
  <testcase name="creatingGroupAndRegisterNewUser" time="34.821" classname="com.training.functional.tests.RTTC_051_Tests"/>
  <testcase name="tearDown" time="3.044" classname="com.training.functional.tests.RTTC_051_Tests"/>
</testsuite> <!-- com.training.functional.tests.RTTC_051_Tests -->
