<?xml version="1.0" encoding="UTF-8"?>
<!-- Generated by org.testng.reporters.JUnitReportReporter -->
<testsuite skipped="0" hostname="IBM944-PC0GHYEN" name="com.training.functional.tests.AdminToAddAndReviewPoints_052_Tests" tests="4" failures="0" timestamp="06 Feb 2019 10:41:40 GMT" time="60.556" errors="0">
  <testcase name="setUp" time="12.243" classname="com.training.functional.tests.AdminToAddAndReviewPoints_052_Tests"/>
  <testcase name="validLoginTest" time="8.983" classname="com.training.functional.tests.AdminToAddAndReviewPoints_052_Tests"/>
  <testcase name="addRewardPointsToCustomerAndViewInReportsSection" time="37.097" classname="com.training.functional.tests.AdminToAddAndReviewPoints_052_Tests"/>
  <testcase name="tearDown" time="2.233" classname="com.training.functional.tests.AdminToAddAndReviewPoints_052_Tests"/>
</testsuite> <!-- com.training.functional.tests.AdminToAddAndReviewPoints_052_Tests -->
