<?xml version="1.0" encoding="UTF-8"?>
<!-- Generated by org.testng.reporters.JUnitReportReporter -->
<testsuite skipped="0" hostname="IBM944-PC0GHYEN" name="com.training.functional.tests.AdminToFilterOrdersFromSalesListOfReports_022_Tests" tests="4" failures="0" timestamp="05 Feb 2019 18:19:22 GMT" time="33.475" errors="0">
  <testcase name="setUp" time="13.491" classname="com.training.functional.tests.AdminToFilterOrdersFromSalesListOfReports_022_Tests"/>
  <testcase name="validLoginTest" time="9.090" classname="com.training.functional.tests.AdminToFilterOrdersFromSalesListOfReports_022_Tests"/>
  <testcase name="sortOrdersFromSalesList" time="8.580" classname="com.training.functional.tests.AdminToFilterOrdersFromSalesListOfReports_022_Tests"/>
  <testcase name="tearDown" time="2.314" classname="com.training.functional.tests.AdminToFilterOrdersFromSalesListOfReports_022_Tests"/>
</testsuite> <!-- com.training.functional.tests.AdminToFilterOrdersFromSalesListOfReports_022_Tests -->
