<?xml version="1.0" encoding="UTF-8"?>
<!-- Generated by org.testng.reporters.JUnitReportReporter -->
<testsuite skipped="0" hostname="IBM944-PC0GHYEN" name="com.training.functional.tests.RTTC_053_Tests" tests="4" failures="0" timestamp="30 Jan 2019 04:17:31 GMT" time="19.174" errors="0">
  <testcase name="setUp" time="7.382" classname="com.training.functional.tests.RTTC_053_Tests"/>
  <testcase name="validLoginTest" time="5.705" classname="com.training.functional.tests.RTTC_053_Tests"/>
  <testcase name="generateInvoiceAndChangeStatus" time="4.198" classname="com.training.functional.tests.RTTC_053_Tests"/>
  <testcase name="tearDown" time="1.889" classname="com.training.functional.tests.RTTC_053_Tests"/>
</testsuite> <!-- com.training.functional.tests.RTTC_053_Tests -->
