<?xml version="1.0" encoding="UTF-8"?>
<!-- Generated by org.testng.reporters.JUnitReportReporter -->
<testsuite skipped="0" hostname="IBM944-PC0GHYEN" name="com.training.functional.tests.AdminToFilterOrderDetailsPlacedByCustomer_085_Tests" tests="4" failures="0" timestamp="13 Feb 2019 11:42:50 GMT" time="53.813" errors="0">
  <testcase name="verifyProductIsAdded" time="13.652" classname="com.training.functional.tests.AdminToFilterOrderDetailsPlacedByCustomer_085_Tests"/>
  <testcase name="verifyProductIsAdded" time="12.759" classname="com.training.functional.tests.AdminToFilterOrderDetailsPlacedByCustomer_085_Tests"/>
  <testcase name="verifyProductIsAdded" time="15.124" classname="com.training.functional.tests.AdminToFilterOrderDetailsPlacedByCustomer_085_Tests"/>
  <testcase name="verifyProductIsAdded" time="12.278" classname="com.training.functional.tests.AdminToFilterOrderDetailsPlacedByCustomer_085_Tests"/>
</testsuite> <!-- com.training.functional.tests.AdminToFilterOrderDetailsPlacedByCustomer_085_Tests -->
