<?xml version="1.0" encoding="UTF-8"?>
<!-- Generated by org.testng.reporters.JUnitReportReporter -->
<testsuite skipped="0" hostname="IBM944-PC0GHYEN" name="com.training.functional.tests.AdminToCreateManufacturerAndAddProduct_055_Tests" tests="4" failures="0" timestamp="06 Feb 2019 12:31:19 GMT" time="23.786" errors="0">
  <testcase name="setUp" time="5.848" classname="com.training.functional.tests.AdminToCreateManufacturerAndAddProduct_055_Tests"/>
  <testcase name="validLoginTest" time="5.471" classname="com.training.functional.tests.AdminToCreateManufacturerAndAddProduct_055_Tests"/>
  <testcase name="createManuFacturerDetailsAndAddProducts" time="10.595" classname="com.training.functional.tests.AdminToCreateManufacturerAndAddProduct_055_Tests"/>
  <testcase name="tearDown" time="1.872" classname="com.training.functional.tests.AdminToCreateManufacturerAndAddProduct_055_Tests"/>
</testsuite> <!-- com.training.functional.tests.AdminToCreateManufacturerAndAddProduct_055_Tests -->
