<?xml version="1.0" encoding="UTF-8"?>
<!-- Generated by org.testng.reporters.JUnitReportReporter -->
<testsuite skipped="0" hostname="IBM944-PC0GHYEN" name="com.training.functional.tests.RTTC_025_Tests" tests="4" failures="0" timestamp="25 Jan 2019 12:22:31 GMT" time="31.410" errors="0">
  <testcase name="setUp" time="8.601" classname="com.training.functional.tests.RTTC_025_Tests"/>
  <testcase name="validLoginTest" time="5.589" classname="com.training.functional.tests.RTTC_025_Tests"/>
  <testcase name="sortReturnsFromSalesList" time="15.372" classname="com.training.functional.tests.RTTC_025_Tests"/>
  <testcase name="tearDown" time="1.848" classname="com.training.functional.tests.RTTC_025_Tests"/>
</testsuite> <!-- com.training.functional.tests.RTTC_025_Tests -->
