<?xml version="1.0" encoding="UTF-8"?>
<!-- Generated by org.testng.reporters.JUnitReportReporter -->
<testsuite skipped="0" hostname="IBM944-PC0GHYEN" name="com.training.functional.tests.AdminToReturnMultipleProductOfCustomerAndDeleteFromReturnList_082_Tests" tests="4" failures="0" timestamp="13 Feb 2019 13:37:12 GMT" time="137.404" errors="0">
  <testcase name="verifyAdminAbleToReturnProducts" time="39.360" classname="com.training.functional.tests.AdminToReturnMultipleProductOfCustomerAndDeleteFromReturnList_082_Tests"/>
  <testcase name="verifyAdminAbleToReturnProducts" time="32.161" classname="com.training.functional.tests.AdminToReturnMultipleProductOfCustomerAndDeleteFromReturnList_082_Tests"/>
  <testcase name="verifyAdminAbleToReturnProducts" time="34.988" classname="com.training.functional.tests.AdminToReturnMultipleProductOfCustomerAndDeleteFromReturnList_082_Tests"/>
  <testcase name="verifyAdminAbleToReturnProducts" time="30.895" classname="com.training.functional.tests.AdminToReturnMultipleProductOfCustomerAndDeleteFromReturnList_082_Tests"/>
</testsuite> <!-- com.training.functional.tests.AdminToReturnMultipleProductOfCustomerAndDeleteFromReturnList_082_Tests -->
