<?xml version="1.0" encoding="UTF-8"?>
<!-- Generated by org.testng.reporters.JUnitReportReporter -->
<testsuite skipped="0" hostname="IBM944-PC0GHYEN" name="com.training.functional.tests.RTTC_023_Tests" tests="4" failures="0" timestamp="25 Jan 2019 12:05:19 GMT" time="37.338" errors="0">
  <testcase name="setUp" time="11.793" classname="com.training.functional.tests.RTTC_023_Tests"/>
  <testcase name="validLoginTest" time="11.550" classname="com.training.functional.tests.RTTC_023_Tests"/>
  <testcase name="sortTaxFromSalesList" time="11.474" classname="com.training.functional.tests.RTTC_023_Tests"/>
  <testcase name="tearDown" time="2.521" classname="com.training.functional.tests.RTTC_023_Tests"/>
</testsuite> <!-- com.training.functional.tests.RTTC_023_Tests -->
