<?xml version="1.0" encoding="UTF-8"?>
<!-- Generated by org.testng.reporters.JUnitReportReporter -->
<testsuite skipped="0" hostname="IBM944-PC0GHYEN" name="com.training.functional.tests.AdminAccessToDeleteCust_021_Tests" tests="4" failures="0" timestamp="06 Feb 2019 04:05:16 GMT" time="46.633" errors="0">
  <testcase name="setUp" time="12.645" classname="com.training.functional.tests.AdminAccessToDeleteCust_021_Tests"/>
  <testcase name="validLoginTest" time="11.322" classname="com.training.functional.tests.AdminAccessToDeleteCust_021_Tests"/>
  <testcase name="deleteCustomerDetailsFromCustomerList" time="19.565" classname="com.training.functional.tests.AdminAccessToDeleteCust_021_Tests"/>
  <testcase name="tearDown" time="3.101" classname="com.training.functional.tests.AdminAccessToDeleteCust_021_Tests"/>
</testsuite> <!-- com.training.functional.tests.AdminAccessToDeleteCust_021_Tests -->
