<?xml version="1.0" encoding="UTF-8"?>
<!-- Generated by org.testng.reporters.JUnitReportReporter -->
<testsuite skipped="0" hostname="IBM944-PC0GHYEN" name="com.training.functional.tests.RTTC_052_Tests" tests="4" failures="0" timestamp="29 Jan 2019 07:19:44 GMT" time="74.799" errors="0">
  <testcase name="setUp" time="22.397" classname="com.training.functional.tests.RTTC_052_Tests"/>
  <testcase name="validLoginTest" time="10.233" classname="com.training.functional.tests.RTTC_052_Tests"/>
  <testcase name="addRewardPointsToCustomerAndViewInReportsSection" time="39.627" classname="com.training.functional.tests.RTTC_052_Tests"/>
  <testcase name="tearDown" time="2.542" classname="com.training.functional.tests.RTTC_052_Tests"/>
</testsuite> <!-- com.training.functional.tests.RTTC_052_Tests -->
