<?xml version="1.0" encoding="UTF-8"?>
<!-- Generated by org.testng.reporters.JUnitReportReporter -->
<testsuite skipped="0" hostname="IBM944-PC0GHYEN" name="com.training.functional.tests.RTTC_055_Tests" tests="4" failures="0" timestamp="01 Feb 2019 07:35:52 GMT" time="25.478" errors="0">
  <testcase name="setUp" time="5.929" classname="com.training.functional.tests.RTTC_055_Tests"/>
  <testcase name="validLoginTest" time="5.714" classname="com.training.functional.tests.RTTC_055_Tests"/>
  <testcase name="createManuFacturerDetailsAndAddProducts" time="12.042" classname="com.training.functional.tests.RTTC_055_Tests"/>
  <testcase name="tearDown" time="1.793" classname="com.training.functional.tests.RTTC_055_Tests"/>
</testsuite> <!-- com.training.functional.tests.RTTC_055_Tests -->
