<?xml version="1.0" encoding="UTF-8"?>
<!-- Generated by org.testng.reporters.JUnitReportReporter -->
<testsuite skipped="0" hostname="IBM944-PC0GHYEN" name="com.training.functional.tests.AdminToFilterShippingDetailsFromSalesListOfReports_024_Tests" tests="4" failures="0" timestamp="05 Feb 2019 18:10:50 GMT" time="37.132" errors="0">
  <testcase name="setUp" time="11.749" classname="com.training.functional.tests.AdminToFilterShippingDetailsFromSalesListOfReports_024_Tests"/>
  <testcase name="validLoginTest" time="11.075" classname="com.training.functional.tests.AdminToFilterShippingDetailsFromSalesListOfReports_024_Tests"/>
  <testcase name="sortShippingFromSalesList" time="11.875" classname="com.training.functional.tests.AdminToFilterShippingDetailsFromSalesListOfReports_024_Tests"/>
  <testcase name="tearDown" time="2.433" classname="com.training.functional.tests.AdminToFilterShippingDetailsFromSalesListOfReports_024_Tests"/>
</testsuite> <!-- com.training.functional.tests.AdminToFilterShippingDetailsFromSalesListOfReports_024_Tests -->
