<?xml version="1.0" encoding="UTF-8"?>
<!-- Generated by org.testng.reporters.JUnitReportReporter -->
<testsuite skipped="0" hostname="IBM944-PC0GHYEN" name="com.training.functional.tests.VerifyAddedProductDisplayedInHomeScreen_084_Tests" tests="7" failures="0" timestamp="12 Feb 2019 11:44:05 GMT" time="71.967" errors="0">
  <testcase name="setUp" time="11.921" classname="com.training.functional.tests.VerifyAddedProductDisplayedInHomeScreen_084_Tests"/>
  <testcase name="validLoginTest" time="9.915" classname="com.training.functional.tests.VerifyAddedProductDisplayedInHomeScreen_084_Tests"/>
  <testcase name="verifyProductIsAdded" time="16.829" classname="com.training.functional.tests.VerifyAddedProductDisplayedInHomeScreen_084_Tests"/>
  <testcase name="tearDown" time="2.506" classname="com.training.functional.tests.VerifyAddedProductDisplayedInHomeScreen_084_Tests"/>
  <testcase name="setUpForUser" time="12.541" classname="com.training.functional.tests.VerifyAddedProductDisplayedInHomeScreen_084_Tests"/>
  <testcase name="verifyAddedProductIsDisplayedInHomeScreen" time="15.580" classname="com.training.functional.tests.VerifyAddedProductDisplayedInHomeScreen_084_Tests"/>
  <testcase name="tearDownForUser" time="2.675" classname="com.training.functional.tests.VerifyAddedProductDisplayedInHomeScreen_084_Tests"/>
</testsuite> <!-- com.training.functional.tests.VerifyAddedProductDisplayedInHomeScreen_084_Tests -->
