<?xml version="1.0" encoding="UTF-8"?>
<!-- Generated by org.testng.reporters.JUnitReportReporter -->
<testsuite skipped="0" hostname="IBM944-PC0GHYEN" name="com.training.functional.tests.RTTC_022_Tests" tests="4" failures="0" timestamp="25 Jan 2019 10:25:14 GMT" time="39.849" errors="0">
  <testcase name="setUp" time="10.854" classname="com.training.functional.tests.RTTC_022_Tests"/>
  <testcase name="validLoginTest" time="12.676" classname="com.training.functional.tests.RTTC_022_Tests"/>
  <testcase name="sortOrdersFromSalesList" time="13.772" classname="com.training.functional.tests.RTTC_022_Tests"/>
  <testcase name="tearDown" time="2.547" classname="com.training.functional.tests.RTTC_022_Tests"/>
</testsuite> <!-- com.training.functional.tests.RTTC_022_Tests -->
