<?xml version="1.0" encoding="UTF-8"?>
<!-- Generated by org.testng.reporters.JUnitReportReporter -->
<testsuite skipped="0" hostname="IBM944-PC0GHYEN" name="com.training.functional.tests.AdminToFilterOrdersFromSalesListOfReports_Tests" tests="4" failures="0" timestamp="05 Feb 2019 12:47:10 GMT" time="33.289" errors="0">
  <testcase name="setUp" time="11.021" classname="com.training.functional.tests.AdminToFilterOrdersFromSalesListOfReports_Tests"/>
  <testcase name="validLoginTest" time="9.739" classname="com.training.functional.tests.AdminToFilterOrdersFromSalesListOfReports_Tests"/>
  <testcase name="sortOrdersFromSalesList" time="10.041" classname="com.training.functional.tests.AdminToFilterOrdersFromSalesListOfReports_Tests"/>
  <testcase name="tearDown" time="2.488" classname="com.training.functional.tests.AdminToFilterOrdersFromSalesListOfReports_Tests"/>
</testsuite> <!-- com.training.functional.tests.AdminToFilterOrdersFromSalesListOfReports_Tests -->
