<?xml version="1.0" encoding="UTF-8"?>
<!-- Generated by org.testng.reporters.JUnitReportReporter -->
<testsuite skipped="0" hostname="IBM944-PC0GHYEN" name="com.training.functional.tests.AdminToFilterTaxFromSalesListOfReports_023_Tests" tests="4" failures="0" timestamp="05 Feb 2019 18:12:03 GMT" time="31.630" errors="0">
  <testcase name="setUp" time="10.265" classname="com.training.functional.tests.AdminToFilterTaxFromSalesListOfReports_023_Tests"/>
  <testcase name="validLoginTest" time="11.149" classname="com.training.functional.tests.AdminToFilterTaxFromSalesListOfReports_023_Tests"/>
  <testcase name="sortTaxFromSalesList" time="7.765" classname="com.training.functional.tests.AdminToFilterTaxFromSalesListOfReports_023_Tests"/>
  <testcase name="tearDown" time="2.451" classname="com.training.functional.tests.AdminToFilterTaxFromSalesListOfReports_023_Tests"/>
</testsuite> <!-- com.training.functional.tests.AdminToFilterTaxFromSalesListOfReports_023_Tests -->
