<?xml version="1.0" encoding="UTF-8"?>
<!-- Generated by org.testng.reporters.JUnitReportReporter -->
<testsuite skipped="0" hostname="IBM944-PC0GHYEN" name="com.training.functional.tests.AdminToReturnProductsOfCustomerAndDeleteFromDatabase_081_Tests" tests="1" failures="0" timestamp="15 Feb 2019 11:00:42 GMT" time="22.393" errors="0">
  <testcase name="verifyAdminAbleToReturnProductsAndDelete" time="22.393" classname="com.training.functional.tests.AdminToReturnProductsOfCustomerAndDeleteFromDatabase_081_Tests"/>
</testsuite> <!-- com.training.functional.tests.AdminToReturnProductsOfCustomerAndDeleteFromDatabase_081_Tests -->
